<?xml version="1.0" encoding="UTF-8"?>
<testsuite xmlns:xsi="http://www.w3.org/2001/XMLSchema-instance" xsi:noNamespaceSchemaLocation="https://maven.apache.org/surefire/maven-surefire-plugin/xsd/surefire-test-report.xsd" name="TestSuite" time="11.515" tests="2" errors="0" skipped="0" failures="0">
  <properties>
    <property name="java.specification.version" value="17"/>
    <property name="sun.cpu.isalist" value="amd64"/>
    <property name="sun.jnu.encoding" value="Cp1252"/>
    <property name="java.class.path" value="C:\Users\azima.keshwani\Desktop\APIFramework\target\test-classes;C:\Users\azima.keshwani\Desktop\APIFramework\target\classes;C:\Users\azima.keshwani\.m2\repository\io\cucumber\cucumber-java\7.8.1\cucumber-java-7.8.1.jar;C:\Users\azima.keshwani\.m2\repository\org\apiguardian\apiguardian-api\1.1.2\apiguardian-api-1.1.2.jar;C:\Users\azima.keshwani\.m2\repository\io\cucumber\cucumber-core\7.8.1\cucumber-core-7.8.1.jar;C:\Users\azima.keshwani\.m2\repository\io\cucumber\cucumber-gherkin\7.8.1\cucumber-gherkin-7.8.1.jar;C:\Users\azima.keshwani\.m2\repository\io\cucumber\cucumber-gherkin-messages\7.8.1\cucumber-gherkin-messages-7.8.1.jar;C:\Users\azima.keshwani\.m2\repository\io\cucumber\gherkin\24.0.0\gherkin-24.0.0.jar;C:\Users\azima.keshwani\.m2\repository\io\cucumber\messages\19.1.4\messages-19.1.4.jar;C:\Users\azima.keshwani\.m2\repository\io\cucumber\tag-expressions\4.1.0\tag-expressions-4.1.0.jar;C:\Users\azima.keshwani\.m2\repository\io\cucumber\cucumber-expressions\16.0.0\cucumber-expressions-16.0.0.jar;C:\Users\azima.keshwani\.m2\repository\io\cucumber\datatable\7.8.1\datatable-7.8.1.jar;C:\Users\azima.keshwani\.m2\repository\io\cucumber\cucumber-plugin\7.8.1\cucumber-plugin-7.8.1.jar;C:\Users\azima.keshwani\.m2\repository\io\cucumber\docstring\7.8.1\docstring-7.8.1.jar;C:\Users\azima.keshwani\.m2\repository\io\cucumber\html-formatter\20.1.0\html-formatter-20.1.0.jar;C:\Users\azima.keshwani\.m2\repository\io\cucumber\ci-environment\9.1.0\ci-environment-9.1.0.jar;C:\Users\azima.keshwani\.m2\repository\io\cucumber\cucumber-junit\7.8.1\cucumber-junit-7.8.1.jar;C:\Users\azima.keshwani\.m2\repository\junit\junit\4.13.2\junit-4.13.2.jar;C:\Users\azima.keshwani\.m2\repository\org\hamcrest\hamcrest-core\1.3\hamcrest-core-1.3.jar;C:\Users\azima.keshwani\.m2\repository\io\rest-assured\rest-assured\5.2.0\rest-assured-5.2.0.jar;C:\Users\azima.keshwani\.m2\repository\org\apache\groovy\groovy\4.0.1\groovy-4.0.1.jar;C:\Users\azima.keshwani\.m2\repository\org\apache\groovy\groovy-xml\4.0.1\groovy-xml-4.0.1.jar;C:\Users\azima.keshwani\.m2\repository\org\apache\httpcomponents\httpclient\4.5.13\httpclient-4.5.13.jar;C:\Users\azima.keshwani\.m2\repository\org\apache\httpcomponents\httpcore\4.4.13\httpcore-4.4.13.jar;C:\Users\azima.keshwani\.m2\repository\commons-logging\commons-logging\1.2\commons-logging-1.2.jar;C:\Users\azima.keshwani\.m2\repository\commons-codec\commons-codec\1.11\commons-codec-1.11.jar;C:\Users\azima.keshwani\.m2\repository\org\apache\httpcomponents\httpmime\4.5.13\httpmime-4.5.13.jar;C:\Users\azima.keshwani\.m2\repository\org\hamcrest\hamcrest\2.1\hamcrest-2.1.jar;C:\Users\azima.keshwani\.m2\repository\org\ccil\cowan\tagsoup\tagsoup\1.2.1\tagsoup-1.2.1.jar;C:\Users\azima.keshwani\.m2\repository\io\rest-assured\json-path\5.2.0\json-path-5.2.0.jar;C:\Users\azima.keshwani\.m2\repository\org\apache\groovy\groovy-json\4.0.1\groovy-json-4.0.1.jar;C:\Users\azima.keshwani\.m2\repository\io\rest-assured\rest-assured-common\5.2.0\rest-assured-common-5.2.0.jar;C:\Users\azima.keshwani\.m2\repository\io\rest-assured\xml-path\5.2.0\xml-path-5.2.0.jar;C:\Users\azima.keshwani\.m2\repository\org\apache\commons\commons-lang3\3.11\commons-lang3-3.11.jar;C:\Users\azima.keshwani\.m2\repository\com\fasterxml\jackson\core\jackson-core\2.14.0\jackson-core-2.14.0.jar;C:\Users\azima.keshwani\.m2\repository\com\fasterxml\jackson\core\jackson-databind\2.14.0\jackson-databind-2.14.0.jar;C:\Users\azima.keshwani\.m2\repository\com\fasterxml\jackson\core\jackson-annotations\2.14.0\jackson-annotations-2.14.0.jar;C:\Users\azima.keshwani\.m2\repository\org\junit\jupiter\junit-jupiter\5.9.0\junit-jupiter-5.9.0.jar;C:\Users\azima.keshwani\.m2\repository\org\junit\jupiter\junit-jupiter-api\5.9.0\junit-jupiter-api-5.9.0.jar;C:\Users\azima.keshwani\.m2\repository\org\opentest4j\opentest4j\1.2.0\opentest4j-1.2.0.jar;C:\Users\azima.keshwani\.m2\repository\org\junit\platform\junit-platform-commons\1.9.0\junit-platform-commons-1.9.0.jar;C:\Users\azima.keshwani\.m2\repository\org\junit\jupiter\junit-jupiter-params\5.9.0\junit-jupiter-params-5.9.0.jar;C:\Users\azima.keshwani\.m2\repository\tech\grasshopper\rest-assured-extent-testng\1.0.0\rest-assured-extent-testng-1.0.0.jar;C:\Users\azima.keshwani\.m2\repository\io\qameta\allure\allure-testng\2.17.3\allure-testng-2.17.3.jar;C:\Users\azima.keshwani\.m2\repository\io\qameta\allure\allure-java-commons\2.17.3\allure-java-commons-2.17.3.jar;C:\Users\azima.keshwani\.m2\repository\org\slf4j\slf4j-api\1.7.30\slf4j-api-1.7.30.jar;C:\Users\azima.keshwani\.m2\repository\io\qameta\allure\allure-model\2.17.3\allure-model-2.17.3.jar;C:\Users\azima.keshwani\.m2\repository\org\testng\testng\6.14.3\testng-6.14.3.jar;C:\Users\azima.keshwani\.m2\repository\com\beust\jcommander\1.72\jcommander-1.72.jar;C:\Users\azima.keshwani\.m2\repository\org\apache-extras\beanshell\bsh\2.0b6\bsh-2.0b6.jar;C:\Users\azima.keshwani\.m2\repository\io\qameta\allure\allure-test-filter\2.17.3\allure-test-filter-2.17.3.jar;C:\Users\azima.keshwani\.m2\repository\tech\grasshopper\extentreport-allure-annotation\1.0.2\extentreport-allure-annotation-1.0.2.jar;C:\Users\azima.keshwani\.m2\repository\tech\grasshopper\extent-allure-rest-assured\1.0.1\extent-allure-rest-assured-1.0.1.jar;C:\Users\azima.keshwani\.m2\repository\io\qameta\allure\allure-rest-assured\2.17.3\allure-rest-assured-2.17.3.jar;C:\Users\azima.keshwani\.m2\repository\io\qameta\allure\allure-attachments\2.17.3\allure-attachments-2.17.3.jar;C:\Users\azima.keshwani\.m2\repository\org\freemarker\freemarker\2.3.31\freemarker-2.3.31.jar;C:\Users\azima.keshwani\.m2\repository\com\google\code\gson\gson\2.9.0\gson-2.9.0.jar;C:\Users\azima.keshwani\.m2\repository\org\projectlombok\lombok\1.18.24\lombok-1.18.24.jar;C:\Users\azima.keshwani\.m2\repository\org\junit\jupiter\junit-jupiter-engine\5.9.0\junit-jupiter-engine-5.9.0.jar;C:\Users\azima.keshwani\.m2\repository\org\junit\platform\junit-platform-engine\1.9.0\junit-platform-engine-1.9.0.jar;C:\Users\azima.keshwani\.m2\repository\org\apache\maven\surefire\surefire-testng-utils\2.22.0\surefire-testng-utils-2.22.0.jar;C:\Users\azima.keshwani\.m2\repository\org\apache\maven\surefire\surefire-grouper\2.22.0\surefire-grouper-2.22.0.jar;"/>
    <property name="java.vm.vendor" value="Oracle Corporation"/>
    <property name="sun.arch.data.model" value="64"/>
    <property name="user.variant" value=""/>
    <property name="java.vendor.url" value="https://java.oracle.com/"/>
    <property name="user.timezone" value="America/Chicago"/>
    <property name="os.name" value="Windows 11"/>
    <property name="java.vm.specification.version" value="17"/>
    <property name="sun.java.launcher" value="SUN_STANDARD"/>
    <property name="user.country" value="US"/>
    <property name="sun.boot.library.path" value="C:\Users\azima.keshwani\.jdks\openjdk-17.0.2\bin"/>
    <property name="sun.java.command" value="C:\Users\AZIMA~1.KES\AppData\Local\Temp\surefire18273629593788152066\surefirebooter3613956448301944728.jar C:\Users\azima.keshwani\AppData\Local\Temp\surefire18273629593788152066 2022-11-17T16-40-38_666-jvmRun1 surefire14952182715597122501tmp surefire_012317535298466377550tmp"/>
    <property name="jdk.debug" value="release"/>
    <property name="surefire.test.class.path" value="C:\Users\azima.keshwani\Desktop\APIFramework\target\test-classes;C:\Users\azima.keshwani\Desktop\APIFramework\target\classes;C:\Users\azima.keshwani\.m2\repository\io\cucumber\cucumber-java\7.8.1\cucumber-java-7.8.1.jar;C:\Users\azima.keshwani\.m2\repository\org\apiguardian\apiguardian-api\1.1.2\apiguardian-api-1.1.2.jar;C:\Users\azima.keshwani\.m2\repository\io\cucumber\cucumber-core\7.8.1\cucumber-core-7.8.1.jar;C:\Users\azima.keshwani\.m2\repository\io\cucumber\cucumber-gherkin\7.8.1\cucumber-gherkin-7.8.1.jar;C:\Users\azima.keshwani\.m2\repository\io\cucumber\cucumber-gherkin-messages\7.8.1\cucumber-gherkin-messages-7.8.1.jar;C:\Users\azima.keshwani\.m2\repository\io\cucumber\gherkin\24.0.0\gherkin-24.0.0.jar;C:\Users\azima.keshwani\.m2\repository\io\cucumber\messages\19.1.4\messages-19.1.4.jar;C:\Users\azima.keshwani\.m2\repository\io\cucumber\tag-expressions\4.1.0\tag-expressions-4.1.0.jar;C:\Users\azima.keshwani\.m2\repository\io\cucumber\cucumber-expressions\16.0.0\cucumber-expressions-16.0.0.jar;C:\Users\azima.keshwani\.m2\repository\io\cucumber\datatable\7.8.1\datatable-7.8.1.jar;C:\Users\azima.keshwani\.m2\repository\io\cucumber\cucumber-plugin\7.8.1\cucumber-plugin-7.8.1.jar;C:\Users\azima.keshwani\.m2\repository\io\cucumber\docstring\7.8.1\docstring-7.8.1.jar;C:\Users\azima.keshwani\.m2\repository\io\cucumber\html-formatter\20.1.0\html-formatter-20.1.0.jar;C:\Users\azima.keshwani\.m2\repository\io\cucumber\ci-environment\9.1.0\ci-environment-9.1.0.jar;C:\Users\azima.keshwani\.m2\repository\io\cucumber\cucumber-junit\7.8.1\cucumber-junit-7.8.1.jar;C:\Users\azima.keshwani\.m2\repository\junit\junit\4.13.2\junit-4.13.2.jar;C:\Users\azima.keshwani\.m2\repository\org\hamcrest\hamcrest-core\1.3\hamcrest-core-1.3.jar;C:\Users\azima.keshwani\.m2\repository\io\rest-assured\rest-assured\5.2.0\rest-assured-5.2.0.jar;C:\Users\azima.keshwani\.m2\repository\org\apache\groovy\groovy\4.0.1\groovy-4.0.1.jar;C:\Users\azima.keshwani\.m2\repository\org\apache\groovy\groovy-xml\4.0.1\groovy-xml-4.0.1.jar;C:\Users\azima.keshwani\.m2\repository\org\apache\httpcomponents\httpclient\4.5.13\httpclient-4.5.13.jar;C:\Users\azima.keshwani\.m2\repository\org\apache\httpcomponents\httpcore\4.4.13\httpcore-4.4.13.jar;C:\Users\azima.keshwani\.m2\repository\commons-logging\commons-logging\1.2\commons-logging-1.2.jar;C:\Users\azima.keshwani\.m2\repository\commons-codec\commons-codec\1.11\commons-codec-1.11.jar;C:\Users\azima.keshwani\.m2\repository\org\apache\httpcomponents\httpmime\4.5.13\httpmime-4.5.13.jar;C:\Users\azima.keshwani\.m2\repository\org\hamcrest\hamcrest\2.1\hamcrest-2.1.jar;C:\Users\azima.keshwani\.m2\repository\org\ccil\cowan\tagsoup\tagsoup\1.2.1\tagsoup-1.2.1.jar;C:\Users\azima.keshwani\.m2\repository\io\rest-assured\json-path\5.2.0\json-path-5.2.0.jar;C:\Users\azima.keshwani\.m2\repository\org\apache\groovy\groovy-json\4.0.1\groovy-json-4.0.1.jar;C:\Users\azima.keshwani\.m2\repository\io\rest-assured\rest-assured-common\5.2.0\rest-assured-common-5.2.0.jar;C:\Users\azima.keshwani\.m2\repository\io\rest-assured\xml-path\5.2.0\xml-path-5.2.0.jar;C:\Users\azima.keshwani\.m2\repository\org\apache\commons\commons-lang3\3.11\commons-lang3-3.11.jar;C:\Users\azima.keshwani\.m2\repository\com\fasterxml\jackson\core\jackson-core\2.14.0\jackson-core-2.14.0.jar;C:\Users\azima.keshwani\.m2\repository\com\fasterxml\jackson\core\jackson-databind\2.14.0\jackson-databind-2.14.0.jar;C:\Users\azima.keshwani\.m2\repository\com\fasterxml\jackson\core\jackson-annotations\2.14.0\jackson-annotations-2.14.0.jar;C:\Users\azima.keshwani\.m2\repository\org\junit\jupiter\junit-jupiter\5.9.0\junit-jupiter-5.9.0.jar;C:\Users\azima.keshwani\.m2\repository\org\junit\jupiter\junit-jupiter-api\5.9.0\junit-jupiter-api-5.9.0.jar;C:\Users\azima.keshwani\.m2\repository\org\opentest4j\opentest4j\1.2.0\opentest4j-1.2.0.jar;C:\Users\azima.keshwani\.m2\repository\org\junit\platform\junit-platform-commons\1.9.0\junit-platform-commons-1.9.0.jar;C:\Users\azima.keshwani\.m2\repository\org\junit\jupiter\junit-jupiter-params\5.9.0\junit-jupiter-params-5.9.0.jar;C:\Users\azima.keshwani\.m2\repository\tech\grasshopper\rest-assured-extent-testng\1.0.0\rest-assured-extent-testng-1.0.0.jar;C:\Users\azima.keshwani\.m2\repository\io\qameta\allure\allure-testng\2.17.3\allure-testng-2.17.3.jar;C:\Users\azima.keshwani\.m2\repository\io\qameta\allure\allure-java-commons\2.17.3\allure-java-commons-2.17.3.jar;C:\Users\azima.keshwani\.m2\repository\org\slf4j\slf4j-api\1.7.30\slf4j-api-1.7.30.jar;C:\Users\azima.keshwani\.m2\repository\io\qameta\allure\allure-model\2.17.3\allure-model-2.17.3.jar;C:\Users\azima.keshwani\.m2\repository\org\testng\testng\6.14.3\testng-6.14.3.jar;C:\Users\azima.keshwani\.m2\repository\com\beust\jcommander\1.72\jcommander-1.72.jar;C:\Users\azima.keshwani\.m2\repository\org\apache-extras\beanshell\bsh\2.0b6\bsh-2.0b6.jar;C:\Users\azima.keshwani\.m2\repository\io\qameta\allure\allure-test-filter\2.17.3\allure-test-filter-2.17.3.jar;C:\Users\azima.keshwani\.m2\repository\tech\grasshopper\extentreport-allure-annotation\1.0.2\extentreport-allure-annotation-1.0.2.jar;C:\Users\azima.keshwani\.m2\repository\tech\grasshopper\extent-allure-rest-assured\1.0.1\extent-allure-rest-assured-1.0.1.jar;C:\Users\azima.keshwani\.m2\repository\io\qameta\allure\allure-rest-assured\2.17.3\allure-rest-assured-2.17.3.jar;C:\Users\azima.keshwani\.m2\repository\io\qameta\allure\allure-attachments\2.17.3\allure-attachments-2.17.3.jar;C:\Users\azima.keshwani\.m2\repository\org\freemarker\freemarker\2.3.31\freemarker-2.3.31.jar;C:\Users\azima.keshwani\.m2\repository\com\google\code\gson\gson\2.9.0\gson-2.9.0.jar;C:\Users\azima.keshwani\.m2\repository\org\projectlombok\lombok\1.18.24\lombok-1.18.24.jar;C:\Users\azima.keshwani\.m2\repository\org\junit\jupiter\junit-jupiter-engine\5.9.0\junit-jupiter-engine-5.9.0.jar;C:\Users\azima.keshwani\.m2\repository\org\junit\platform\junit-platform-engine\1.9.0\junit-platform-engine-1.9.0.jar;C:\Users\azima.keshwani\.m2\repository\org\apache\maven\surefire\surefire-testng-utils\2.22.0\surefire-testng-utils-2.22.0.jar;C:\Users\azima.keshwani\.m2\repository\org\apache\maven\surefire\surefire-grouper\2.22.0\surefire-grouper-2.22.0.jar;"/>
    <property name="sun.cpu.endian" value="little"/>
    <property name="user.home" value="C:\Users\azima.keshwani"/>
    <property name="user.language" value="en"/>
    <property name="java.specification.vendor" value="Oracle Corporation"/>
    <property name="java.version.date" value="2022-01-18"/>
    <property name="java.home" value="C:\Users\azima.keshwani\.jdks\openjdk-17.0.2"/>
    <property name="file.separator" value="\"/>
    <property name="basedir" value="C:\Users\azima.keshwani\Desktop\APIFramework"/>
    <property name="java.vm.compressedOopsMode" value="Zero based"/>
    <property name="line.separator" value="&#10;"/>
    <property name="java.vm.specification.vendor" value="Oracle Corporation"/>
    <property name="java.specification.name" value="Java Platform API Specification"/>
    <property name="surefire.real.class.path" value="C:\Users\AZIMA~1.KES\AppData\Local\Temp\surefire18273629593788152066\surefirebooter3613956448301944728.jar"/>
    <property name="user.script" value=""/>
    <property name="sun.management.compiler" value="HotSpot 64-Bit Tiered Compilers"/>
    <property name="java.runtime.version" value="17.0.2+8-86"/>
    <property name="user.name" value="azima.keshwani"/>
    <property name="path.separator" value=";"/>
    <property name="os.version" value="10.0"/>
    <property name="java.runtime.name" value="OpenJDK Runtime Environment"/>
    <property name="file.encoding" value="Cp1252"/>
    <property name="java.vm.name" value="OpenJDK 64-Bit Server VM"/>
    <property name="localRepository" value="C:\Users\azima.keshwani\.m2\repository"/>
    <property name="java.vendor.url.bug" value="https://bugreport.java.com/bugreport/"/>
    <property name="java.io.tmpdir" value="C:\Users\AZIMA~1.KES\AppData\Local\Temp\"/>
    <property name="idea.version" value="2022.2.2"/>
    <property name="java.version" value="17.0.2"/>
    <property name="user.dir" value="C:\Users\azima.keshwani\Desktop\APIFramework"/>
    <property name="os.arch" value="amd64"/>
    <property name="java.vm.specification.name" value="Java Virtual Machine Specification"/>
    <property name="sun.os.patch.level" value=""/>
    <property name="native.encoding" value="Cp1252"/>
    <property name="java.library.path" value="C:\Users\azima.keshwani\.jdks\openjdk-17.0.2\bin;C:\WINDOWS\Sun\Java\bin;C:\WINDOWS\system32;C:\WINDOWS;C:\Program Files\AdoptOpenJDK\jdk-13.0.2.8-openj9\bin;C:\Program Files\AdoptOpenJDK\jre-13.0.2.8-hotspot\bin;C:\Program Files (x86)\AdoptOpenJDK\jre-13.0.2.8-hotspot\bin;C:\Program Files (x86)\Microsoft SDKs\Azure\CLI2\wbin;C:\WINDOWS\system32;C:\WINDOWS;C:\WINDOWS\System32\Wbem;C:\WINDOWS\System32\WindowsPowerShell\v1.0\;C:\WINDOWS\System32\OpenSSH\;C:\Program Files\Microsoft VS Code\bin;C:\Program Files\Microsoft SQL Server\150\Tools\Binn\;C:\Program Files (x86)\Microsoft SQL Server\150\DTS\Binn\;C:\Program Files\Azure Data Studio\bin;C:\Program Files\TortoiseGit\bin;C:\Program Files (x86)\Yarn\bin\;C:\Program Files\Docker\Docker\resources\bin;C:\ProgramData\DockerDesktop\version-bin;C:\Program Files\Git\cmd;C:\Users\azima.keshwani\Desktop\node-v16.14.2-win-x86;C:\Users\azima.keshwani\Desktop\Maven\apache-maven-3.8.4\bin;C:\Users\azima.keshwani\AppData\Local\Android\Sdk\tools\bin;C:\Users\azima.keshwani\AppData\Local\Android\Sdk\tools;C:\Users\azima.keshwani\AppData\Local\Android\Sdk\platform-tools;C:\Users\azima.keshwani\Documents\gradle-6.9.3\bin;C:\Users\azima.keshwani\Downloads\gradle-7.5.1-bin.zip\gradle-7.5.1\bin;;C:\Users\azima.keshwani\AppData\Local\Microsoft\WindowsApps;C:\ProgramData\chocoportable\bin;;."/>
    <property name="java.vm.info" value="mixed mode, sharing"/>
    <property name="java.vendor" value="Oracle Corporation"/>
    <property name="java.vm.version" value="17.0.2+8-86"/>
    <property name="sun.io.unicode.encoding" value="UnicodeLittle"/>
    <property name="java.class.version" value="61.0"/>
  </properties>
  <testcase name="AddPlace on AddPlace(appTest.MyFirstTest)" classname="appTest.MyFirstTest" time="4.593"/>
  <testcase name="AddPlaceUsingJson on AddPlaceUsingJson(appTest.MyFirstTest)" classname="appTest.MyFirstTest" time="2.948"/>
</testsuite>