<?xml version="1.0" encoding="UTF-8"?>
<!-- Generated by org.testng.reporters.JUnitReportReporter -->
<testsuite hostname="OKCL129" failures="0" tests="2" name="appTest.MyFirstTest" time="12.986" errors="0" timestamp="17 Nov 2022 22:40:51 GMT" skipped="0">
  <testcase classname="appTest.MyFirstTest" name="AddPlace" time="5.019"/>
  <testcase classname="appTest.MyFirstTest" name="AddPlaceUsingJson" time="7.967"/>
</testsuite> <!-- appTest.MyFirstTest -->
